<?xml version="1.0" encoding="UTF-8"?>
<testsuites name="All" time="13.291" tests="2" failures="0" skips="0" errors="0">
   <testsuite name="All" tests="2" failures="0" errors="0" time="13.291" skips="0" timestamp="2021-04-12 10:56:22" hostname="sebas - DESKTOP-47AGURN" id="Test Suites/All">
      <properties>
         <property name="deviceName" value=""/>
         <property name="devicePlatform" value=""/>
         <property name="logFolder" value="D:\\HES\\3e_annee\\JEE\\he-f1\\Test\\Katalon he_f1\\Reports\\20210412_105614\\All\\20210412_105615"/>
         <property name="logFiles" value="D:\\HES\\3e_annee\\JEE\\he-f1\\Test\\Katalon he_f1\\Reports\\20210412_105614\\All\\20210412_105615\\execution0.log"/>
         <property name="attachments" value=""/>
         <property name="hostName" value="sebas - DESKTOP-47AGURN"/>
         <property name="os" value="Windows 10 64bit"/>
         <property name="katalonVersion" value="7.9.1.208"/>
         <property name="browser" value="Chrome 89.0.4389.114"/>
         <property name="hostAddress" value="172.16.128.196"/>
         <property name="sessionId" value="11dd603f8a9abcd87d29e41bb262d3d0"/>
         <property name="seleniumVersion" value="3.141.59"/>
         <property name="proxyInformation" value="ProxyInformation { proxyOption=NO_PROXY, proxyServerType=HTTP, username=, password=********, proxyServerAddress=, proxyServerPort=0, executionList=&quot;&quot;, isApplyToDesiredCapabilities=true }"/>
         <property name="platform" value="Windows 10"/>
      </properties>
      <testcase name="Test Cases/Bad login" time="5.382" classname="Test Cases/Bad login" status="PASSED">
         <system-out><![CDATA[2021-04-12 10:56:23 - [TEST_CASE][PASSED] - Test Cases/Bad login: Test Cases/Bad login

2021-04-12 10:56:24 - [TEST_STEP][PASSED] - openBrowser(""): Browser is opened with url: ''

2021-04-12 10:56:24 - [MESSAGE][INFO] - Starting 'Chrome' driver

2021-04-12 10:56:24 - [MESSAGE][INFO] - Action delay is set to 0 milliseconds

2021-04-12 10:56:26 - [MESSAGE][PASSED] - Browser is opened with url: ''

2021-04-12 10:56:26 - [TEST_STEP][PASSED] - navigateToUrl("http://localhost:8080/login"): Navigate to 'http://localhost:8080/login' successfully

2021-04-12 10:56:27 - [MESSAGE][PASSED] - Navigate to 'http://localhost:8080/login' successfully

2021-04-12 10:56:27 - [TEST_STEP][PASSED] - setText(findTestObject("Object Repository/Page_Login/input_Username_username"), "seb"): Text 'seb' is set on object 'Object Repository/Page_Login/input_Username_username'

2021-04-12 10:56:28 - [MESSAGE][PASSED] - Text 'seb' is set on object 'Object Repository/Page_Login/input_Username_username'

2021-04-12 10:56:28 - [TEST_STEP][PASSED] - setEncryptedText(findTestObject("Object Repository/Page_Login/input_Password_password"), "HeCM15nHKBI="): Text ****** has been set on object 'Object Repository/Page_Login/input_Password_password'

2021-04-12 10:56:28 - [MESSAGE][PASSED] - Text ****** has been set on object 'Object Repository/Page_Login/input_Password_password'

2021-04-12 10:56:28 - [TEST_STEP][PASSED] - click(findTestObject("Object Repository/Page_Login/button_Sign In")): Object: 'Object Repository/Page_Login/button_Sign In' is clicked on

2021-04-12 10:56:29 - [MESSAGE][PASSED] - Object: 'Object Repository/Page_Login/button_Sign In' is clicked on]]></system-out>
         <system-err><![CDATA[]]></system-err>
      </testcase>
      <testcase name="Test Cases/Good login" time="5.14" classname="Test Cases/Good login" status="PASSED">
         <system-out><![CDATA[2021-04-12 10:56:29 - [TEST_CASE][PASSED] - Test Cases/Good login: Test Cases/Good login

2021-04-12 10:56:29 - [TEST_STEP][PASSED] - openBrowser(""): Browser is opened with url: ''

2021-04-12 10:56:29 - [MESSAGE][WARNING] - A browser is already opened. Closing browser and opening a new one

2021-04-12 10:56:30 - [MESSAGE][INFO] - Starting 'Chrome' driver

2021-04-12 10:56:30 - [MESSAGE][INFO] - Action delay is set to 0 milliseconds

2021-04-12 10:56:31 - [MESSAGE][PASSED] - Browser is opened with url: ''

2021-04-12 10:56:31 - [TEST_STEP][PASSED] - navigateToUrl("http://localhost:8080/login"): Navigate to 'http://localhost:8080/login' successfully

2021-04-12 10:56:32 - [MESSAGE][PASSED] - Navigate to 'http://localhost:8080/login' successfully

2021-04-12 10:56:32 - [TEST_STEP][PASSED] - setText(findTestObject("Object Repository/Page_Login/input_Username_username"), "seb"): Text 'seb' is set on object 'Object Repository/Page_Login/input_Username_username'

2021-04-12 10:56:33 - [MESSAGE][PASSED] - Text 'seb' is set on object 'Object Repository/Page_Login/input_Username_username'

2021-04-12 10:56:33 - [TEST_STEP][PASSED] - setEncryptedText(findTestObject("Object Repository/Page_Login/input_Password_password"), "RigbBhfdqOBGNlJIWM1ClA=="): Text ****** has been set on object 'Object Repository/Page_Login/input_Password_password'

2021-04-12 10:56:34 - [MESSAGE][PASSED] - Text ****** has been set on object 'Object Repository/Page_Login/input_Password_password'

2021-04-12 10:56:34 - [TEST_STEP][PASSED] - click(findTestObject("Object Repository/Page_Login/button_Sign In")): Object: 'Object Repository/Page_Login/button_Sign In' is clicked on

2021-04-12 10:56:34 - [MESSAGE][PASSED] - Object: 'Object Repository/Page_Login/button_Sign In' is clicked on]]></system-out>
         <system-err><![CDATA[]]></system-err>
      </testcase>
      <system-out><![CDATA[2021-04-12 10:56:22 - [TEST_SUITE][PASSED] - All: Test Cases/Good login]]></system-out>
      <system-err><![CDATA[]]></system-err>
   </testsuite>
</testsuites>
