<?xml version="1.0" encoding="UTF-8"?>
<testsuites name="All" time="49.682" tests="7" failures="0" skips="0" errors="0">
   <testsuite name="All" tests="7" failures="0" errors="0" time="49.682" skips="0" timestamp="2021-04-12 11:43:47" hostname="sebas - DESKTOP-47AGURN" id="Test Suites/All">
      <properties>
         <property name="deviceName" value=""/>
         <property name="devicePlatform" value=""/>
         <property name="logFolder" value="D:\\HES\\3e_annee\\JEE\\he-f1\\Test\\Katalon he_f1\\Reports\\20210412_114342\\All\\20210412_114342"/>
         <property name="logFiles" value="D:\\HES\\3e_annee\\JEE\\he-f1\\Test\\Katalon he_f1\\Reports\\20210412_114342\\All\\20210412_114342\\execution0.log"/>
         <property name="attachments" value=""/>
         <property name="hostName" value="sebas - DESKTOP-47AGURN"/>
         <property name="os" value="Windows 10 64bit"/>
         <property name="katalonVersion" value="7.9.1.208"/>
         <property name="browser" value="Chrome 89.0.4389.114"/>
         <property name="hostAddress" value="172.16.128.196"/>
         <property name="sessionId" value="91b47f8e5784fb53bec4280b3a3a33ff"/>
         <property name="seleniumVersion" value="3.141.59"/>
         <property name="proxyInformation" value="ProxyInformation { proxyOption=NO_PROXY, proxyServerType=HTTP, username=, password=********, proxyServerAddress=, proxyServerPort=0, executionList=&quot;&quot;, isApplyToDesiredCapabilities=true }"/>
         <property name="platform" value="Windows 10"/>
      </properties>
      <testcase name="Test Cases/Bad login" time="5.116" classname="Test Cases/Bad login" status="PASSED">
         <system-out><![CDATA[2021-04-12 11:43:48 - [TEST_CASE][PASSED] - Test Cases/Bad login: Test Cases/Bad login

2021-04-12 11:43:49 - [TEST_STEP][PASSED] - openBrowser(""): Browser is opened with url: ''

2021-04-12 11:43:49 - [MESSAGE][INFO] - Starting 'Chrome' driver

2021-04-12 11:43:49 - [MESSAGE][INFO] - Action delay is set to 0 milliseconds

2021-04-12 11:43:51 - [MESSAGE][PASSED] - Browser is opened with url: ''

2021-04-12 11:43:51 - [TEST_STEP][PASSED] - navigateToUrl("http://localhost:8080/login"): Navigate to 'http://localhost:8080/login' successfully

2021-04-12 11:43:52 - [MESSAGE][PASSED] - Navigate to 'http://localhost:8080/login' successfully

2021-04-12 11:43:52 - [TEST_STEP][PASSED] - setText(findTestObject("Object Repository/Page_Login/input_Username_username"), "seb"): Text 'seb' is set on object 'Object Repository/Page_Login/input_Username_username'

2021-04-12 11:43:53 - [MESSAGE][PASSED] - Text 'seb' is set on object 'Object Repository/Page_Login/input_Username_username'

2021-04-12 11:43:53 - [TEST_STEP][PASSED] - setEncryptedText(findTestObject("Object Repository/Page_Login/input_Password_password"), "HeCM15nHKBI="): Text ****** has been set on object 'Object Repository/Page_Login/input_Password_password'

2021-04-12 11:43:53 - [MESSAGE][PASSED] - Text ****** has been set on object 'Object Repository/Page_Login/input_Password_password'

2021-04-12 11:43:53 - [TEST_STEP][PASSED] - click(findTestObject("Object Repository/Page_Login/button_Sign In")): Object: 'Object Repository/Page_Login/button_Sign In' is clicked on

2021-04-12 11:43:53 - [MESSAGE][PASSED] - Object: 'Object Repository/Page_Login/button_Sign In' is clicked on]]></system-out>
         <system-err><![CDATA[]]></system-err>
      </testcase>
      <testcase name="Test Cases/Non-existent login" time="5.259" classname="Test Cases/Non-existent login" status="PASSED">
         <system-out><![CDATA[2021-04-12 11:43:54 - [TEST_CASE][PASSED] - Test Cases/Non-existent login: Test Cases/Non-existent login

2021-04-12 11:43:54 - [TEST_STEP][PASSED] - openBrowser(""): Browser is opened with url: ''

2021-04-12 11:43:54 - [MESSAGE][WARNING] - A browser is already opened. Closing browser and opening a new one

2021-04-12 11:43:54 - [MESSAGE][INFO] - Starting 'Chrome' driver

2021-04-12 11:43:54 - [MESSAGE][INFO] - Action delay is set to 0 milliseconds

2021-04-12 11:43:56 - [MESSAGE][PASSED] - Browser is opened with url: ''

2021-04-12 11:43:56 - [TEST_STEP][PASSED] - navigateToUrl("http://localhost:8080/login"): Navigate to 'http://localhost:8080/login' successfully

2021-04-12 11:43:57 - [MESSAGE][PASSED] - Navigate to 'http://localhost:8080/login' successfully

2021-04-12 11:43:57 - [TEST_STEP][PASSED] - setText(findTestObject("Object Repository/Page_Login/input_Username_username"), "sebdonotexist"): Text 'sebdonotexist' is set on object 'Object Repository/Page_Login/input_Username_username'

2021-04-12 11:43:58 - [MESSAGE][PASSED] - Text 'sebdonotexist' is set on object 'Object Repository/Page_Login/input_Username_username'

2021-04-12 11:43:58 - [TEST_STEP][PASSED] - setEncryptedText(findTestObject("Object Repository/Page_Login/input_Password_password"), "RigbBhfdqOBGNlJIWM1ClA=="): Text ****** has been set on object 'Object Repository/Page_Login/input_Password_password'

2021-04-12 11:43:58 - [MESSAGE][PASSED] - Text ****** has been set on object 'Object Repository/Page_Login/input_Password_password'

2021-04-12 11:43:58 - [TEST_STEP][PASSED] - click(findTestObject("Object Repository/Page_Login/button_Sign In")): Object: 'Object Repository/Page_Login/button_Sign In' is clicked on

2021-04-12 11:43:59 - [MESSAGE][PASSED] - Object: 'Object Repository/Page_Login/button_Sign In' is clicked on]]></system-out>
         <system-err><![CDATA[]]></system-err>
      </testcase>
      <testcase name="Test Cases/Good login" time="5.226" classname="Test Cases/Good login" status="PASSED">
         <system-out><![CDATA[2021-04-12 11:43:59 - [TEST_CASE][PASSED] - Test Cases/Good login: Test Cases/Good login

2021-04-12 11:43:59 - [TEST_STEP][PASSED] - openBrowser(""): Browser is opened with url: ''

2021-04-12 11:43:59 - [MESSAGE][WARNING] - A browser is already opened. Closing browser and opening a new one

2021-04-12 11:44:00 - [MESSAGE][INFO] - Starting 'Chrome' driver

2021-04-12 11:44:00 - [MESSAGE][INFO] - Action delay is set to 0 milliseconds

2021-04-12 11:44:01 - [MESSAGE][PASSED] - Browser is opened with url: ''

2021-04-12 11:44:01 - [TEST_STEP][PASSED] - navigateToUrl("http://localhost:8080/login"): Navigate to 'http://localhost:8080/login' successfully

2021-04-12 11:44:02 - [MESSAGE][PASSED] - Navigate to 'http://localhost:8080/login' successfully

2021-04-12 11:44:02 - [TEST_STEP][PASSED] - setText(findTestObject("Object Repository/Page_Login/input_Username_username"), "seb"): Text 'seb' is set on object 'Object Repository/Page_Login/input_Username_username'

2021-04-12 11:44:03 - [MESSAGE][PASSED] - Text 'seb' is set on object 'Object Repository/Page_Login/input_Username_username'

2021-04-12 11:44:03 - [TEST_STEP][PASSED] - setEncryptedText(findTestObject("Object Repository/Page_Login/input_Password_password"), "RigbBhfdqOBGNlJIWM1ClA=="): Text ****** has been set on object 'Object Repository/Page_Login/input_Password_password'

2021-04-12 11:44:03 - [MESSAGE][PASSED] - Text ****** has been set on object 'Object Repository/Page_Login/input_Password_password'

2021-04-12 11:44:03 - [TEST_STEP][PASSED] - click(findTestObject("Object Repository/Page_Login/button_Sign In")): Object: 'Object Repository/Page_Login/button_Sign In' is clicked on

2021-04-12 11:44:04 - [MESSAGE][PASSED] - Object: 'Object Repository/Page_Login/button_Sign In' is clicked on]]></system-out>
         <system-err><![CDATA[]]></system-err>
      </testcase>
      <testcase name="Test Cases/Signup already used email" time="6.807" classname="Test Cases/Signup already used email" status="PASSED">
         <system-out><![CDATA[2021-04-12 11:44:04 - [TEST_CASE][PASSED] - Test Cases/Signup already used email: Test Cases/Signup already used email

2021-04-12 11:44:04 - [TEST_STEP][PASSED] - openBrowser(""): Browser is opened with url: ''

2021-04-12 11:44:04 - [MESSAGE][WARNING] - A browser is already opened. Closing browser and opening a new one

2021-04-12 11:44:05 - [MESSAGE][INFO] - Starting 'Chrome' driver

2021-04-12 11:44:05 - [MESSAGE][INFO] - Action delay is set to 0 milliseconds

2021-04-12 11:44:06 - [MESSAGE][PASSED] - Browser is opened with url: ''

2021-04-12 11:44:06 - [TEST_STEP][PASSED] - navigateToUrl("http://localhost:8080/signup"): Navigate to 'http://localhost:8080/signup' successfully

2021-04-12 11:44:07 - [MESSAGE][PASSED] - Navigate to 'http://localhost:8080/signup' successfully

2021-04-12 11:44:07 - [TEST_STEP][PASSED] - setText(findTestObject("Object Repository/Page_HE-F1/input_Username_username"), "seb"): Text 'seb' is set on object 'Object Repository/Page_HE-F1/input_Username_username'

2021-04-12 11:44:08 - [MESSAGE][PASSED] - Text 'seb' is set on object 'Object Repository/Page_HE-F1/input_Username_username'

2021-04-12 11:44:08 - [TEST_STEP][PASSED] - setText(findTestObject("Object Repository/Page_HE-F1/input_Email_email"), "seb@gmail.com"): Text 'seb@gmail.com' is set on object 'Object Repository/Page_HE-F1/input_Email_email'

2021-04-12 11:44:09 - [MESSAGE][PASSED] - Text 'seb@gmail.com' is set on object 'Object Repository/Page_HE-F1/input_Email_email'

2021-04-12 11:44:09 - [TEST_STEP][PASSED] - selectOptionByValue(findTestObject("Object Repository/Page_HE-F1/select_ManageurIngnieurMcanicien"), "ENGINEER", true): All options with value 'ENGINEER' are selected in object 'Object Repository/Page_HE-F1/select_ManageurIngnieurMcanicien'  using regular expression

2021-04-12 11:44:10 - [MESSAGE][PASSED] - All options with value 'ENGINEER' are selected in object 'Object Repository/Page_HE-F1/select_ManageurIngnieurMcanicien'  using regular expression

2021-04-12 11:44:10 - [TEST_STEP][PASSED] - setEncryptedText(findTestObject("Object Repository/Page_HE-F1/input_Password_password"), "RigbBhfdqOBGNlJIWM1ClA=="): Text ****** has been set on object 'Object Repository/Page_HE-F1/input_Password_password'

2021-04-12 11:44:10 - [MESSAGE][PASSED] - Text ****** has been set on object 'Object Repository/Page_HE-F1/input_Password_password'

2021-04-12 11:44:10 - [TEST_STEP][PASSED] - click(findTestObject("Object Repository/Page_HE-F1/button_Register")): Object: 'Object Repository/Page_HE-F1/button_Register' is clicked on

2021-04-12 11:44:11 - [MESSAGE][PASSED] - Object: 'Object Repository/Page_HE-F1/button_Register' is clicked on]]></system-out>
         <system-err><![CDATA[]]></system-err>
      </testcase>
      <testcase name="Test Cases/Signup bad email" time="9.309" classname="Test Cases/Signup bad email" status="PASSED">
         <system-out><![CDATA[2021-04-12 11:44:11 - [TEST_CASE][PASSED] - Test Cases/Signup bad email: Test Cases/Signup bad email

2021-04-12 11:44:11 - [TEST_STEP][PASSED] - openBrowser(""): Browser is opened with url: ''

2021-04-12 11:44:11 - [MESSAGE][WARNING] - A browser is already opened. Closing browser and opening a new one

2021-04-12 11:44:13 - [MESSAGE][INFO] - Starting 'Chrome' driver

2021-04-12 11:44:13 - [MESSAGE][INFO] - Action delay is set to 0 milliseconds

2021-04-12 11:44:14 - [MESSAGE][PASSED] - Browser is opened with url: ''

2021-04-12 11:44:14 - [TEST_STEP][PASSED] - navigateToUrl("http://localhost:8080/signup"): Navigate to 'http://localhost:8080/signup' successfully

2021-04-12 11:44:17 - [MESSAGE][PASSED] - Navigate to 'http://localhost:8080/signup' successfully

2021-04-12 11:44:17 - [TEST_STEP][PASSED] - setText(findTestObject("Object Repository/Page_HE-F1/input_Username_username"), "seb"): Text 'seb' is set on object 'Object Repository/Page_HE-F1/input_Username_username'

2021-04-12 11:44:18 - [MESSAGE][PASSED] - Text 'seb' is set on object 'Object Repository/Page_HE-F1/input_Username_username'

2021-04-12 11:44:18 - [TEST_STEP][PASSED] - setText(findTestObject("Object Repository/Page_HE-F1/input_Email_email"), "just seb"): Text 'just seb' is set on object 'Object Repository/Page_HE-F1/input_Email_email'

2021-04-12 11:44:18 - [MESSAGE][PASSED] - Text 'just seb' is set on object 'Object Repository/Page_HE-F1/input_Email_email'

2021-04-12 11:44:18 - [TEST_STEP][PASSED] - selectOptionByValue(findTestObject("Object Repository/Page_HE-F1/select_ManageurIngnieurMcanicien"), "ENGINEER", true): All options with value 'ENGINEER' are selected in object 'Object Repository/Page_HE-F1/select_ManageurIngnieurMcanicien'  using regular expression

2021-04-12 11:44:19 - [MESSAGE][PASSED] - All options with value 'ENGINEER' are selected in object 'Object Repository/Page_HE-F1/select_ManageurIngnieurMcanicien'  using regular expression

2021-04-12 11:44:19 - [TEST_STEP][PASSED] - setEncryptedText(findTestObject("Object Repository/Page_HE-F1/input_Password_password"), "RigbBhfdqOBGNlJIWM1ClA=="): Text ****** has been set on object 'Object Repository/Page_HE-F1/input_Password_password'

2021-04-12 11:44:20 - [MESSAGE][PASSED] - Text ****** has been set on object 'Object Repository/Page_HE-F1/input_Password_password'

2021-04-12 11:44:20 - [TEST_STEP][PASSED] - click(findTestObject("Object Repository/Page_HE-F1/button_Register")): Object: 'Object Repository/Page_HE-F1/button_Register' is clicked on

2021-04-12 11:44:20 - [MESSAGE][PASSED] - Object: 'Object Repository/Page_HE-F1/button_Register' is clicked on]]></system-out>
         <system-err><![CDATA[]]></system-err>
      </testcase>
      <testcase name="Test Cases/Signup bad password" time="6.841" classname="Test Cases/Signup bad password" status="PASSED">
         <system-out><![CDATA[2021-04-12 11:44:20 - [TEST_CASE][PASSED] - Test Cases/Signup bad password: Test Cases/Signup bad password

2021-04-12 11:44:21 - [TEST_STEP][PASSED] - dtf = DateTimeFormatter.ofPattern("yyyy/MM/dd-HH-mm-ss"): null

2021-04-12 11:44:21 - [TEST_STEP][PASSED] - now = LocalDateTime.now(): null

2021-04-12 11:44:21 - [TEST_STEP][PASSED] - DATE = dtf.format(now): null

2021-04-12 11:44:21 - [TEST_STEP][PASSED] - out.println("my date UwU = " + DATE): null

2021-04-12 11:44:21 - [TEST_STEP][PASSED] - openBrowser(""): Browser is opened with url: ''

2021-04-12 11:44:21 - [MESSAGE][WARNING] - A browser is already opened. Closing browser and opening a new one

2021-04-12 11:44:21 - [MESSAGE][INFO] - Starting 'Chrome' driver

2021-04-12 11:44:21 - [MESSAGE][INFO] - Action delay is set to 0 milliseconds

2021-04-12 11:44:23 - [MESSAGE][PASSED] - Browser is opened with url: ''

2021-04-12 11:44:23 - [TEST_STEP][PASSED] - navigateToUrl("http://localhost:8080/signup"): Navigate to 'http://localhost:8080/signup' successfully

2021-04-12 11:44:24 - [MESSAGE][PASSED] - Navigate to 'http://localhost:8080/signup' successfully

2021-04-12 11:44:24 - [TEST_STEP][PASSED] - setText(findTestObject("Object Repository/Page_HE-F1/input_Username_username"), DATE): Text '2021/04/12-11-44-21' is set on object 'Object Repository/Page_HE-F1/input_Username_username'

2021-04-12 11:44:25 - [MESSAGE][PASSED] - Text '2021/04/12-11-44-21' is set on object 'Object Repository/Page_HE-F1/input_Username_username'

2021-04-12 11:44:25 - [TEST_STEP][PASSED] - setText(findTestObject("Object Repository/Page_HE-F1/input_Email_email"), DATE + "@gmail.com"): Text '2021/04/12-11-44-21@gmail.com' is set on object 'Object Repository/Page_HE-F1/input_Email_email'

2021-04-12 11:44:25 - [MESSAGE][PASSED] - Text '2021/04/12-11-44-21@gmail.com' is set on object 'Object Repository/Page_HE-F1/input_Email_email'

2021-04-12 11:44:25 - [TEST_STEP][PASSED] - selectOptionByValue(findTestObject("Object Repository/Page_HE-F1/select_ManageurIngnieurMcanicien"), "ENGINEER", true): All options with value 'ENGINEER' are selected in object 'Object Repository/Page_HE-F1/select_ManageurIngnieurMcanicien'  using regular expression

2021-04-12 11:44:26 - [MESSAGE][PASSED] - All options with value 'ENGINEER' are selected in object 'Object Repository/Page_HE-F1/select_ManageurIngnieurMcanicien'  using regular expression

2021-04-12 11:44:26 - [TEST_STEP][PASSED] - setEncryptedText(findTestObject("Object Repository/Page_HE-F1/input_Password_password"), "HeCM15nHKBI="): Text ****** has been set on object 'Object Repository/Page_HE-F1/input_Password_password'

2021-04-12 11:44:27 - [MESSAGE][PASSED] - Text ****** has been set on object 'Object Repository/Page_HE-F1/input_Password_password'

2021-04-12 11:44:27 - [TEST_STEP][PASSED] - click(findTestObject("Object Repository/Page_HE-F1/button_Register")): Object: 'Object Repository/Page_HE-F1/button_Register' is clicked on

2021-04-12 11:44:27 - [MESSAGE][PASSED] - Object: 'Object Repository/Page_HE-F1/button_Register' is clicked on]]></system-out>
         <system-err><![CDATA[]]></system-err>
      </testcase>
      <testcase name="Test Cases/Signup" time="8.27" classname="Test Cases/Signup" status="PASSED">
         <system-out><![CDATA[2021-04-12 11:44:27 - [TEST_CASE][PASSED] - Test Cases/Signup: Test Cases/Signup

2021-04-12 11:44:27 - [TEST_STEP][PASSED] - dtf = DateTimeFormatter.ofPattern("yyyy/MM/dd-HH-mm-ss"): null

2021-04-12 11:44:27 - [TEST_STEP][PASSED] - now = LocalDateTime.now(): null

2021-04-12 11:44:27 - [TEST_STEP][PASSED] - DATE = dtf.format(now): null

2021-04-12 11:44:27 - [TEST_STEP][PASSED] - out.println("my date UwU = " + DATE): null

2021-04-12 11:44:27 - [TEST_STEP][PASSED] - openBrowser(""): Browser is opened with url: ''

2021-04-12 11:44:27 - [MESSAGE][WARNING] - A browser is already opened. Closing browser and opening a new one

2021-04-12 11:44:28 - [MESSAGE][INFO] - Starting 'Chrome' driver

2021-04-12 11:44:28 - [MESSAGE][INFO] - Action delay is set to 0 milliseconds

2021-04-12 11:44:29 - [MESSAGE][PASSED] - Browser is opened with url: ''

2021-04-12 11:44:29 - [TEST_STEP][PASSED] - navigateToUrl("http://localhost:8080/signup"): Navigate to 'http://localhost:8080/signup' successfully

2021-04-12 11:44:30 - [MESSAGE][PASSED] - Navigate to 'http://localhost:8080/signup' successfully

2021-04-12 11:44:30 - [TEST_STEP][PASSED] - setText(findTestObject("Object Repository/Page_HE-F1/input_Username_username"), DATE): Text '2021/04/12-11-44-27' is set on object 'Object Repository/Page_HE-F1/input_Username_username'

2021-04-12 11:44:31 - [MESSAGE][PASSED] - Text '2021/04/12-11-44-27' is set on object 'Object Repository/Page_HE-F1/input_Username_username'

2021-04-12 11:44:31 - [TEST_STEP][PASSED] - setText(findTestObject("Object Repository/Page_HE-F1/input_Email_email"), DATE + "@gmail.com"): Text '2021/04/12-11-44-27@gmail.com' is set on object 'Object Repository/Page_HE-F1/input_Email_email'

2021-04-12 11:44:32 - [MESSAGE][PASSED] - Text '2021/04/12-11-44-27@gmail.com' is set on object 'Object Repository/Page_HE-F1/input_Email_email'

2021-04-12 11:44:32 - [TEST_STEP][PASSED] - selectOptionByValue(findTestObject("Object Repository/Page_HE-F1/select_ManageurIngnieurMcanicien"), "ENGINEER", true): All options with value 'ENGINEER' are selected in object 'Object Repository/Page_HE-F1/select_ManageurIngnieurMcanicien'  using regular expression

2021-04-12 11:44:33 - [MESSAGE][PASSED] - All options with value 'ENGINEER' are selected in object 'Object Repository/Page_HE-F1/select_ManageurIngnieurMcanicien'  using regular expression

2021-04-12 11:44:33 - [TEST_STEP][PASSED] - click(findTestObject("Object Repository/Page_HE-F1/label_Spcialisation")): Object: 'Object Repository/Page_HE-F1/label_Spcialisation' is clicked on

2021-04-12 11:44:33 - [MESSAGE][PASSED] - Object: 'Object Repository/Page_HE-F1/label_Spcialisation' is clicked on

2021-04-12 11:44:33 - [TEST_STEP][PASSED] - selectOptionByValue(findTestObject("Object Repository/Page_HE-F1/select_ManageurIngnieurMcanicien"), "MANAGER", true): All options with value 'MANAGER' are selected in object 'Object Repository/Page_HE-F1/select_ManageurIngnieurMcanicien'  using regular expression

2021-04-12 11:44:34 - [MESSAGE][PASSED] - All options with value 'MANAGER' are selected in object 'Object Repository/Page_HE-F1/select_ManageurIngnieurMcanicien'  using regular expression

2021-04-12 11:44:34 - [TEST_STEP][PASSED] - setEncryptedText(findTestObject("Object Repository/Page_HE-F1/input_Password_password"), "RigbBhfdqOBGNlJIWM1ClA=="): Text ****** has been set on object 'Object Repository/Page_HE-F1/input_Password_password'

2021-04-12 11:44:35 - [MESSAGE][PASSED] - Text ****** has been set on object 'Object Repository/Page_HE-F1/input_Password_password'

2021-04-12 11:44:35 - [TEST_STEP][PASSED] - click(findTestObject("Object Repository/Page_HE-F1/button_Register")): Object: 'Object Repository/Page_HE-F1/button_Register' is clicked on

2021-04-12 11:44:35 - [MESSAGE][PASSED] - Object: 'Object Repository/Page_HE-F1/button_Register' is clicked on]]></system-out>
         <system-err><![CDATA[]]></system-err>
      </testcase>
      <system-out><![CDATA[2021-04-12 11:43:47 - [TEST_SUITE][PASSED] - All: Test Cases/Signup]]></system-out>
      <system-err><![CDATA[]]></system-err>
   </testsuite>
</testsuites>
