<?xml version="1.0" encoding="UTF-8"?>
<testsuites name="All" time="49.895" tests="7" failures="0" skips="0" errors="0">
   <testsuite name="All" tests="7" failures="0" errors="0" time="49.895" skips="0" timestamp="2021-04-19 08:55:46" hostname="sebas - DESKTOP-47AGURN" id="Test Suites/All">
      <properties>
         <property name="deviceName" value=""/>
         <property name="devicePlatform" value=""/>
         <property name="logFolder" value="D:\\HES\\3e_annee\\JEE\\he-f1\\Test\\Katalon he_f1\\Reports\\20210419_085539\\All\\20210419_085539"/>
         <property name="logFiles" value="D:\\HES\\3e_annee\\JEE\\he-f1\\Test\\Katalon he_f1\\Reports\\20210419_085539\\All\\20210419_085539\\execution0.log"/>
         <property name="attachments" value=""/>
         <property name="hostName" value="sebas - DESKTOP-47AGURN"/>
         <property name="os" value="Windows 10 64bit"/>
         <property name="katalonVersion" value="7.9.1.208"/>
         <property name="browser" value="Chrome 89.0.4389.128"/>
         <property name="hostAddress" value="172.16.128.196"/>
         <property name="sessionId" value="ca09a10711a9e98992c80d0aaa987cf8"/>
         <property name="seleniumVersion" value="3.141.59"/>
         <property name="proxyInformation" value="ProxyInformation { proxyOption=NO_PROXY, proxyServerType=HTTP, username=, password=********, proxyServerAddress=, proxyServerPort=0, executionList=&quot;&quot;, isApplyToDesiredCapabilities=true }"/>
         <property name="platform" value="Windows 10"/>
      </properties>
      <testcase name="Test Cases/Bad login" time="6.857" classname="Test Cases/Bad login" status="PASSED">
         <system-out><![CDATA[2021-04-19 08:55:47 - [TEST_CASE][PASSED] - Test Cases/Bad login: Test Cases/Bad login

2021-04-19 08:55:48 - [TEST_STEP][PASSED] - openBrowser(""): Browser is opened with url: ''

2021-04-19 08:55:48 - [MESSAGE][INFO] - Starting 'Chrome' driver

2021-04-19 08:55:48 - [MESSAGE][INFO] - Action delay is set to 0 milliseconds

2021-04-19 08:55:51 - [MESSAGE][PASSED] - Browser is opened with url: ''

2021-04-19 08:55:51 - [TEST_STEP][PASSED] - navigateToUrl("http://localhost:8080/login"): Navigate to 'http://localhost:8080/login' successfully

2021-04-19 08:55:52 - [MESSAGE][PASSED] - Navigate to 'http://localhost:8080/login' successfully

2021-04-19 08:55:52 - [TEST_STEP][PASSED] - setText(findTestObject("Object Repository/Page_Login/input_Username_username"), "seb"): Text 'seb' is set on object 'Object Repository/Page_Login/input_Username_username'

2021-04-19 08:55:53 - [MESSAGE][PASSED] - Text 'seb' is set on object 'Object Repository/Page_Login/input_Username_username'

2021-04-19 08:55:53 - [TEST_STEP][PASSED] - setEncryptedText(findTestObject("Object Repository/Page_Login/input_Password_password"), "HeCM15nHKBI="): Text ****** has been set on object 'Object Repository/Page_Login/input_Password_password'

2021-04-19 08:55:54 - [MESSAGE][PASSED] - Text ****** has been set on object 'Object Repository/Page_Login/input_Password_password'

2021-04-19 08:55:54 - [TEST_STEP][PASSED] - click(findTestObject("Object Repository/Page_Login/button_Sign In")): Object: 'Object Repository/Page_Login/button_Sign In' is clicked on

2021-04-19 08:55:54 - [MESSAGE][PASSED] - Object: 'Object Repository/Page_Login/button_Sign In' is clicked on]]></system-out>
         <system-err><![CDATA[]]></system-err>
      </testcase>
      <testcase name="Test Cases/Non-existent login" time="5.19" classname="Test Cases/Non-existent login" status="PASSED">
         <system-out><![CDATA[2021-04-19 08:55:54 - [TEST_CASE][PASSED] - Test Cases/Non-existent login: Test Cases/Non-existent login

2021-04-19 08:55:55 - [TEST_STEP][PASSED] - openBrowser(""): Browser is opened with url: ''

2021-04-19 08:55:55 - [MESSAGE][WARNING] - A browser is already opened. Closing browser and opening a new one

2021-04-19 08:55:55 - [MESSAGE][INFO] - Starting 'Chrome' driver

2021-04-19 08:55:55 - [MESSAGE][INFO] - Action delay is set to 0 milliseconds

2021-04-19 08:55:57 - [MESSAGE][PASSED] - Browser is opened with url: ''

2021-04-19 08:55:57 - [TEST_STEP][PASSED] - navigateToUrl("http://localhost:8080/login"): Navigate to 'http://localhost:8080/login' successfully

2021-04-19 08:55:58 - [MESSAGE][PASSED] - Navigate to 'http://localhost:8080/login' successfully

2021-04-19 08:55:58 - [TEST_STEP][PASSED] - setText(findTestObject("Object Repository/Page_Login/input_Username_username"), "sebdonotexist"): Text 'sebdonotexist' is set on object 'Object Repository/Page_Login/input_Username_username'

2021-04-19 08:55:59 - [MESSAGE][PASSED] - Text 'sebdonotexist' is set on object 'Object Repository/Page_Login/input_Username_username'

2021-04-19 08:55:59 - [TEST_STEP][PASSED] - setEncryptedText(findTestObject("Object Repository/Page_Login/input_Password_password"), "RigbBhfdqOBGNlJIWM1ClA=="): Text ****** has been set on object 'Object Repository/Page_Login/input_Password_password'

2021-04-19 08:55:59 - [MESSAGE][PASSED] - Text ****** has been set on object 'Object Repository/Page_Login/input_Password_password'

2021-04-19 08:55:59 - [TEST_STEP][PASSED] - click(findTestObject("Object Repository/Page_Login/button_Sign In")): Object: 'Object Repository/Page_Login/button_Sign In' is clicked on

2021-04-19 08:56:00 - [MESSAGE][PASSED] - Object: 'Object Repository/Page_Login/button_Sign In' is clicked on]]></system-out>
         <system-err><![CDATA[]]></system-err>
      </testcase>
      <testcase name="Test Cases/Good login" time="5.409" classname="Test Cases/Good login" status="PASSED">
         <system-out><![CDATA[2021-04-19 08:56:00 - [TEST_CASE][PASSED] - Test Cases/Good login: Test Cases/Good login

2021-04-19 08:56:00 - [TEST_STEP][PASSED] - openBrowser(""): Browser is opened with url: ''

2021-04-19 08:56:00 - [MESSAGE][WARNING] - A browser is already opened. Closing browser and opening a new one

2021-04-19 08:56:01 - [MESSAGE][INFO] - Starting 'Chrome' driver

2021-04-19 08:56:01 - [MESSAGE][INFO] - Action delay is set to 0 milliseconds

2021-04-19 08:56:02 - [MESSAGE][PASSED] - Browser is opened with url: ''

2021-04-19 08:56:02 - [TEST_STEP][PASSED] - navigateToUrl("http://localhost:8080/login"): Navigate to 'http://localhost:8080/login' successfully

2021-04-19 08:56:03 - [MESSAGE][PASSED] - Navigate to 'http://localhost:8080/login' successfully

2021-04-19 08:56:03 - [TEST_STEP][PASSED] - setText(findTestObject("Object Repository/Page_Login/input_Username_username"), "seb"): Text 'seb' is set on object 'Object Repository/Page_Login/input_Username_username'

2021-04-19 08:56:04 - [MESSAGE][PASSED] - Text 'seb' is set on object 'Object Repository/Page_Login/input_Username_username'

2021-04-19 08:56:04 - [TEST_STEP][PASSED] - setEncryptedText(findTestObject("Object Repository/Page_Login/input_Password_password"), "RigbBhfdqOBGNlJIWM1ClA=="): Text ****** has been set on object 'Object Repository/Page_Login/input_Password_password'

2021-04-19 08:56:04 - [MESSAGE][PASSED] - Text ****** has been set on object 'Object Repository/Page_Login/input_Password_password'

2021-04-19 08:56:04 - [TEST_STEP][PASSED] - click(findTestObject("Object Repository/Page_Login/button_Sign In")): Object: 'Object Repository/Page_Login/button_Sign In' is clicked on

2021-04-19 08:56:05 - [MESSAGE][PASSED] - Object: 'Object Repository/Page_Login/button_Sign In' is clicked on]]></system-out>
         <system-err><![CDATA[]]></system-err>
      </testcase>
      <testcase name="Test Cases/Signup already used email" time="7.014" classname="Test Cases/Signup already used email" status="PASSED">
         <system-out><![CDATA[2021-04-19 08:56:05 - [TEST_CASE][PASSED] - Test Cases/Signup already used email: Test Cases/Signup already used email

2021-04-19 08:56:05 - [TEST_STEP][PASSED] - openBrowser(""): Browser is opened with url: ''

2021-04-19 08:56:05 - [MESSAGE][WARNING] - A browser is already opened. Closing browser and opening a new one

2021-04-19 08:56:06 - [MESSAGE][INFO] - Starting 'Chrome' driver

2021-04-19 08:56:06 - [MESSAGE][INFO] - Action delay is set to 0 milliseconds

2021-04-19 08:56:07 - [MESSAGE][PASSED] - Browser is opened with url: ''

2021-04-19 08:56:07 - [TEST_STEP][PASSED] - navigateToUrl("http://localhost:8080/signup"): Navigate to 'http://localhost:8080/signup' successfully

2021-04-19 08:56:08 - [MESSAGE][PASSED] - Navigate to 'http://localhost:8080/signup' successfully

2021-04-19 08:56:08 - [TEST_STEP][PASSED] - setText(findTestObject("Object Repository/Page_HE-F1/input_Username_username"), "seb"): Text 'seb' is set on object 'Object Repository/Page_HE-F1/input_Username_username'

2021-04-19 08:56:09 - [MESSAGE][PASSED] - Text 'seb' is set on object 'Object Repository/Page_HE-F1/input_Username_username'

2021-04-19 08:56:09 - [TEST_STEP][PASSED] - setText(findTestObject("Object Repository/Page_HE-F1/input_Email_email"), "seb@gmail.com"): Text 'seb@gmail.com' is set on object 'Object Repository/Page_HE-F1/input_Email_email'

2021-04-19 08:56:10 - [MESSAGE][PASSED] - Text 'seb@gmail.com' is set on object 'Object Repository/Page_HE-F1/input_Email_email'

2021-04-19 08:56:10 - [TEST_STEP][PASSED] - selectOptionByValue(findTestObject("Object Repository/Page_HE-F1/select_ManageurIngnieurMcanicien"), "ENGINEER", true): All options with value 'ENGINEER' are selected in object 'Object Repository/Page_HE-F1/select_ManageurIngnieurMcanicien'  using regular expression

2021-04-19 08:56:11 - [MESSAGE][PASSED] - All options with value 'ENGINEER' are selected in object 'Object Repository/Page_HE-F1/select_ManageurIngnieurMcanicien'  using regular expression

2021-04-19 08:56:11 - [TEST_STEP][PASSED] - setEncryptedText(findTestObject("Object Repository/Page_HE-F1/input_Password_password"), "RigbBhfdqOBGNlJIWM1ClA=="): Text ****** has been set on object 'Object Repository/Page_HE-F1/input_Password_password'

2021-04-19 08:56:11 - [MESSAGE][PASSED] - Text ****** has been set on object 'Object Repository/Page_HE-F1/input_Password_password'

2021-04-19 08:56:11 - [TEST_STEP][PASSED] - click(findTestObject("Object Repository/Page_HE-F1/button_Register")): Object: 'Object Repository/Page_HE-F1/button_Register' is clicked on

2021-04-19 08:56:12 - [MESSAGE][PASSED] - Object: 'Object Repository/Page_HE-F1/button_Register' is clicked on]]></system-out>
         <system-err><![CDATA[]]></system-err>
      </testcase>
      <testcase name="Test Cases/Signup bad email" time="6.902" classname="Test Cases/Signup bad email" status="PASSED">
         <system-out><![CDATA[2021-04-19 08:56:12 - [TEST_CASE][PASSED] - Test Cases/Signup bad email: Test Cases/Signup bad email

2021-04-19 08:56:12 - [TEST_STEP][PASSED] - openBrowser(""): Browser is opened with url: ''

2021-04-19 08:56:12 - [MESSAGE][WARNING] - A browser is already opened. Closing browser and opening a new one

2021-04-19 08:56:13 - [MESSAGE][INFO] - Starting 'Chrome' driver

2021-04-19 08:56:13 - [MESSAGE][INFO] - Action delay is set to 0 milliseconds

2021-04-19 08:56:15 - [MESSAGE][PASSED] - Browser is opened with url: ''

2021-04-19 08:56:15 - [TEST_STEP][PASSED] - navigateToUrl("http://localhost:8080/signup"): Navigate to 'http://localhost:8080/signup' successfully

2021-04-19 08:56:16 - [MESSAGE][PASSED] - Navigate to 'http://localhost:8080/signup' successfully

2021-04-19 08:56:16 - [TEST_STEP][PASSED] - setText(findTestObject("Object Repository/Page_HE-F1/input_Username_username"), "seb"): Text 'seb' is set on object 'Object Repository/Page_HE-F1/input_Username_username'

2021-04-19 08:56:16 - [MESSAGE][PASSED] - Text 'seb' is set on object 'Object Repository/Page_HE-F1/input_Username_username'

2021-04-19 08:56:16 - [TEST_STEP][PASSED] - setText(findTestObject("Object Repository/Page_HE-F1/input_Email_email"), "just seb"): Text 'just seb' is set on object 'Object Repository/Page_HE-F1/input_Email_email'

2021-04-19 08:56:17 - [MESSAGE][PASSED] - Text 'just seb' is set on object 'Object Repository/Page_HE-F1/input_Email_email'

2021-04-19 08:56:17 - [TEST_STEP][PASSED] - selectOptionByValue(findTestObject("Object Repository/Page_HE-F1/select_ManageurIngnieurMcanicien"), "ENGINEER", true): All options with value 'ENGINEER' are selected in object 'Object Repository/Page_HE-F1/select_ManageurIngnieurMcanicien'  using regular expression

2021-04-19 08:56:18 - [MESSAGE][PASSED] - All options with value 'ENGINEER' are selected in object 'Object Repository/Page_HE-F1/select_ManageurIngnieurMcanicien'  using regular expression

2021-04-19 08:56:18 - [TEST_STEP][PASSED] - setEncryptedText(findTestObject("Object Repository/Page_HE-F1/input_Password_password"), "RigbBhfdqOBGNlJIWM1ClA=="): Text ****** has been set on object 'Object Repository/Page_HE-F1/input_Password_password'

2021-04-19 08:56:18 - [MESSAGE][PASSED] - Text ****** has been set on object 'Object Repository/Page_HE-F1/input_Password_password'

2021-04-19 08:56:18 - [TEST_STEP][PASSED] - click(findTestObject("Object Repository/Page_HE-F1/button_Register")): Object: 'Object Repository/Page_HE-F1/button_Register' is clicked on

2021-04-19 08:56:19 - [MESSAGE][PASSED] - Object: 'Object Repository/Page_HE-F1/button_Register' is clicked on]]></system-out>
         <system-err><![CDATA[]]></system-err>
      </testcase>
      <testcase name="Test Cases/Signup bad password" time="7.06" classname="Test Cases/Signup bad password" status="PASSED">
         <system-out><![CDATA[2021-04-19 08:56:19 - [TEST_CASE][PASSED] - Test Cases/Signup bad password: Test Cases/Signup bad password

2021-04-19 08:56:19 - [TEST_STEP][PASSED] - dtf = DateTimeFormatter.ofPattern("yyyy/MM/dd-HH-mm-ss"): null

2021-04-19 08:56:19 - [TEST_STEP][PASSED] - now = LocalDateTime.now(): null

2021-04-19 08:56:19 - [TEST_STEP][PASSED] - DATE = dtf.format(now): null

2021-04-19 08:56:19 - [TEST_STEP][PASSED] - out.println("my date UwU = " + DATE): null

2021-04-19 08:56:19 - [TEST_STEP][PASSED] - openBrowser(""): Browser is opened with url: ''

2021-04-19 08:56:19 - [MESSAGE][WARNING] - A browser is already opened. Closing browser and opening a new one

2021-04-19 08:56:20 - [MESSAGE][INFO] - Starting 'Chrome' driver

2021-04-19 08:56:20 - [MESSAGE][INFO] - Action delay is set to 0 milliseconds

2021-04-19 08:56:22 - [MESSAGE][PASSED] - Browser is opened with url: ''

2021-04-19 08:56:22 - [TEST_STEP][PASSED] - navigateToUrl("http://localhost:8080/signup"): Navigate to 'http://localhost:8080/signup' successfully

2021-04-19 08:56:23 - [MESSAGE][PASSED] - Navigate to 'http://localhost:8080/signup' successfully

2021-04-19 08:56:23 - [TEST_STEP][PASSED] - setText(findTestObject("Object Repository/Page_HE-F1/input_Username_username"), DATE): Text '2021/04/19-08-56-19' is set on object 'Object Repository/Page_HE-F1/input_Username_username'

2021-04-19 08:56:23 - [MESSAGE][PASSED] - Text '2021/04/19-08-56-19' is set on object 'Object Repository/Page_HE-F1/input_Username_username'

2021-04-19 08:56:23 - [TEST_STEP][PASSED] - setText(findTestObject("Object Repository/Page_HE-F1/input_Email_email"), DATE + "@gmail.com"): Text '2021/04/19-08-56-19@gmail.com' is set on object 'Object Repository/Page_HE-F1/input_Email_email'

2021-04-19 08:56:24 - [MESSAGE][PASSED] - Text '2021/04/19-08-56-19@gmail.com' is set on object 'Object Repository/Page_HE-F1/input_Email_email'

2021-04-19 08:56:24 - [TEST_STEP][PASSED] - selectOptionByValue(findTestObject("Object Repository/Page_HE-F1/select_ManageurIngnieurMcanicien"), "ENGINEER", true): All options with value 'ENGINEER' are selected in object 'Object Repository/Page_HE-F1/select_ManageurIngnieurMcanicien'  using regular expression

2021-04-19 08:56:25 - [MESSAGE][PASSED] - All options with value 'ENGINEER' are selected in object 'Object Repository/Page_HE-F1/select_ManageurIngnieurMcanicien'  using regular expression

2021-04-19 08:56:25 - [TEST_STEP][PASSED] - setEncryptedText(findTestObject("Object Repository/Page_HE-F1/input_Password_password"), "HeCM15nHKBI="): Text ****** has been set on object 'Object Repository/Page_HE-F1/input_Password_password'

2021-04-19 08:56:26 - [MESSAGE][PASSED] - Text ****** has been set on object 'Object Repository/Page_HE-F1/input_Password_password'

2021-04-19 08:56:26 - [TEST_STEP][PASSED] - click(findTestObject("Object Repository/Page_HE-F1/button_Register")): Object: 'Object Repository/Page_HE-F1/button_Register' is clicked on

2021-04-19 08:56:26 - [MESSAGE][PASSED] - Object: 'Object Repository/Page_HE-F1/button_Register' is clicked on]]></system-out>
         <system-err><![CDATA[]]></system-err>
      </testcase>
      <testcase name="Test Cases/Signup" time="8.587" classname="Test Cases/Signup" status="PASSED">
         <system-out><![CDATA[2021-04-19 08:56:26 - [TEST_CASE][PASSED] - Test Cases/Signup: Test Cases/Signup

2021-04-19 08:56:26 - [TEST_STEP][PASSED] - dtf = DateTimeFormatter.ofPattern("yyyy/MM/dd-HH-mm-ss"): null

2021-04-19 08:56:26 - [TEST_STEP][PASSED] - now = LocalDateTime.now(): null

2021-04-19 08:56:26 - [TEST_STEP][PASSED] - DATE = dtf.format(now): null

2021-04-19 08:56:26 - [TEST_STEP][PASSED] - out.println("my date UwU = " + DATE): null

2021-04-19 08:56:26 - [TEST_STEP][PASSED] - openBrowser(""): Browser is opened with url: ''

2021-04-19 08:56:26 - [MESSAGE][WARNING] - A browser is already opened. Closing browser and opening a new one

2021-04-19 08:56:27 - [MESSAGE][INFO] - Starting 'Chrome' driver

2021-04-19 08:56:27 - [MESSAGE][INFO] - Action delay is set to 0 milliseconds

2021-04-19 08:56:28 - [MESSAGE][PASSED] - Browser is opened with url: ''

2021-04-19 08:56:28 - [TEST_STEP][PASSED] - navigateToUrl("http://localhost:8080/signup"): Navigate to 'http://localhost:8080/signup' successfully

2021-04-19 08:56:30 - [MESSAGE][PASSED] - Navigate to 'http://localhost:8080/signup' successfully

2021-04-19 08:56:30 - [TEST_STEP][PASSED] - setText(findTestObject("Object Repository/Page_HE-F1/input_Username_username"), DATE): Text '2021/04/19-08-56-26' is set on object 'Object Repository/Page_HE-F1/input_Username_username'

2021-04-19 08:56:30 - [MESSAGE][PASSED] - Text '2021/04/19-08-56-26' is set on object 'Object Repository/Page_HE-F1/input_Username_username'

2021-04-19 08:56:30 - [TEST_STEP][PASSED] - setText(findTestObject("Object Repository/Page_HE-F1/input_Email_email"), DATE + "@gmail.com"): Text '2021/04/19-08-56-26@gmail.com' is set on object 'Object Repository/Page_HE-F1/input_Email_email'

2021-04-19 08:56:31 - [MESSAGE][PASSED] - Text '2021/04/19-08-56-26@gmail.com' is set on object 'Object Repository/Page_HE-F1/input_Email_email'

2021-04-19 08:56:31 - [TEST_STEP][PASSED] - selectOptionByValue(findTestObject("Object Repository/Page_HE-F1/select_ManageurIngnieurMcanicien"), "ENGINEER", true): All options with value 'ENGINEER' are selected in object 'Object Repository/Page_HE-F1/select_ManageurIngnieurMcanicien'  using regular expression

2021-04-19 08:56:32 - [MESSAGE][PASSED] - All options with value 'ENGINEER' are selected in object 'Object Repository/Page_HE-F1/select_ManageurIngnieurMcanicien'  using regular expression

2021-04-19 08:56:32 - [TEST_STEP][PASSED] - click(findTestObject("Object Repository/Page_HE-F1/label_Spcialisation")): Object: 'Object Repository/Page_HE-F1/label_Spcialisation' is clicked on

2021-04-19 08:56:32 - [MESSAGE][PASSED] - Object: 'Object Repository/Page_HE-F1/label_Spcialisation' is clicked on

2021-04-19 08:56:32 - [TEST_STEP][PASSED] - selectOptionByValue(findTestObject("Object Repository/Page_HE-F1/select_ManageurIngnieurMcanicien"), "MANAGER", true): All options with value 'MANAGER' are selected in object 'Object Repository/Page_HE-F1/select_ManageurIngnieurMcanicien'  using regular expression

2021-04-19 08:56:33 - [MESSAGE][PASSED] - All options with value 'MANAGER' are selected in object 'Object Repository/Page_HE-F1/select_ManageurIngnieurMcanicien'  using regular expression

2021-04-19 08:56:33 - [TEST_STEP][PASSED] - setEncryptedText(findTestObject("Object Repository/Page_HE-F1/input_Password_password"), "RigbBhfdqOBGNlJIWM1ClA=="): Text ****** has been set on object 'Object Repository/Page_HE-F1/input_Password_password'

2021-04-19 08:56:34 - [MESSAGE][PASSED] - Text ****** has been set on object 'Object Repository/Page_HE-F1/input_Password_password'

2021-04-19 08:56:34 - [TEST_STEP][PASSED] - click(findTestObject("Object Repository/Page_HE-F1/button_Register")): Object: 'Object Repository/Page_HE-F1/button_Register' is clicked on

2021-04-19 08:56:35 - [MESSAGE][PASSED] - Object: 'Object Repository/Page_HE-F1/button_Register' is clicked on]]></system-out>
         <system-err><![CDATA[]]></system-err>
      </testcase>
      <system-out><![CDATA[2021-04-19 08:55:46 - [TEST_SUITE][PASSED] - All: Test Cases/Signup]]></system-out>
      <system-err><![CDATA[]]></system-err>
   </testsuite>
</testsuites>
