<?xml version="1.0" encoding="UTF-8"?>
<testsuites name="All" time="68.842" tests="7" failures="0" skips="0" errors="0">
   <testsuite name="All" tests="7" failures="0" errors="0" time="68.842" skips="0" timestamp="2021-04-12 12:33:40" hostname="sebas - DESKTOP-47AGURN" id="Test Suites/All">
      <properties>
         <property name="deviceName" value=""/>
         <property name="devicePlatform" value=""/>
         <property name="logFolder" value="D:\\HES\\3e_annee\\JEE\\he-f1\\Test\\Katalon he_f1\\Reports\\20210412_123334\\All\\20210412_123334"/>
         <property name="logFiles" value="D:\\HES\\3e_annee\\JEE\\he-f1\\Test\\Katalon he_f1\\Reports\\20210412_123334\\All\\20210412_123334\\execution0.log"/>
         <property name="attachments" value=""/>
         <property name="hostName" value="sebas - DESKTOP-47AGURN"/>
         <property name="os" value="Windows 10 64bit"/>
         <property name="katalonVersion" value="7.9.1.208"/>
         <property name="browser" value="Firefox 87.0"/>
         <property name="hostAddress" value="172.16.128.196"/>
         <property name="sessionId" value="613b81e4-27ad-474a-a54f-0111d624e200"/>
         <property name="seleniumVersion" value="3.141.59"/>
         <property name="proxyInformation" value="ProxyInformation { proxyOption=NO_PROXY, proxyServerType=HTTP, username=, password=********, proxyServerAddress=, proxyServerPort=0, executionList=&quot;&quot;, isApplyToDesiredCapabilities=true }"/>
         <property name="platform" value="Windows 10"/>
      </properties>
      <testcase name="Test Cases/Bad login" time="9.025" classname="Test Cases/Bad login" status="PASSED">
         <system-out><![CDATA[2021-04-12 12:33:41 - [TEST_CASE][PASSED] - Test Cases/Bad login: Test Cases/Bad login

2021-04-12 12:33:42 - [TEST_STEP][PASSED] - openBrowser(""): Browser is opened with url: ''

2021-04-12 12:33:42 - [MESSAGE][INFO] - Starting 'Firefox' driver

2021-04-12 12:33:42 - [MESSAGE][INFO] - Action delay is set to 0 milliseconds

2021-04-12 12:33:47 - [MESSAGE][PASSED] - Browser is opened with url: ''

2021-04-12 12:33:47 - [TEST_STEP][PASSED] - navigateToUrl("http://localhost:8080/login"): Navigate to 'http://localhost:8080/login' successfully

2021-04-12 12:33:48 - [MESSAGE][PASSED] - Navigate to 'http://localhost:8080/login' successfully

2021-04-12 12:33:48 - [TEST_STEP][PASSED] - setText(findTestObject("Object Repository/Page_Login/input_Username_username"), "seb"): Text 'seb' is set on object 'Object Repository/Page_Login/input_Username_username'

2021-04-12 12:33:49 - [MESSAGE][PASSED] - Text 'seb' is set on object 'Object Repository/Page_Login/input_Username_username'

2021-04-12 12:33:49 - [TEST_STEP][PASSED] - setEncryptedText(findTestObject("Object Repository/Page_Login/input_Password_password"), "HeCM15nHKBI="): Text ****** has been set on object 'Object Repository/Page_Login/input_Password_password'

2021-04-12 12:33:50 - [MESSAGE][PASSED] - Text ****** has been set on object 'Object Repository/Page_Login/input_Password_password'

2021-04-12 12:33:50 - [TEST_STEP][PASSED] - click(findTestObject("Object Repository/Page_Login/button_Sign In")): Object: 'Object Repository/Page_Login/button_Sign In' is clicked on

2021-04-12 12:33:50 - [MESSAGE][PASSED] - Object: 'Object Repository/Page_Login/button_Sign In' is clicked on]]></system-out>
         <system-err><![CDATA[]]></system-err>
      </testcase>
      <testcase name="Test Cases/Non-existent login" time="8.411" classname="Test Cases/Non-existent login" status="PASSED">
         <system-out><![CDATA[2021-04-12 12:33:50 - [TEST_CASE][PASSED] - Test Cases/Non-existent login: Test Cases/Non-existent login

2021-04-12 12:33:51 - [TEST_STEP][PASSED] - openBrowser(""): Browser is opened with url: ''

2021-04-12 12:33:51 - [MESSAGE][WARNING] - A browser is already opened. Closing browser and opening a new one

2021-04-12 12:33:51 - [MESSAGE][INFO] - Starting 'Firefox' driver

2021-04-12 12:33:51 - [MESSAGE][INFO] - Action delay is set to 0 milliseconds

2021-04-12 12:33:56 - [MESSAGE][PASSED] - Browser is opened with url: ''

2021-04-12 12:33:56 - [TEST_STEP][PASSED] - navigateToUrl("http://localhost:8080/login"): Navigate to 'http://localhost:8080/login' successfully

2021-04-12 12:33:57 - [MESSAGE][PASSED] - Navigate to 'http://localhost:8080/login' successfully

2021-04-12 12:33:57 - [TEST_STEP][PASSED] - setText(findTestObject("Object Repository/Page_Login/input_Username_username"), "sebdonotexist"): Text 'sebdonotexist' is set on object 'Object Repository/Page_Login/input_Username_username'

2021-04-12 12:33:58 - [MESSAGE][PASSED] - Text 'sebdonotexist' is set on object 'Object Repository/Page_Login/input_Username_username'

2021-04-12 12:33:58 - [TEST_STEP][PASSED] - setEncryptedText(findTestObject("Object Repository/Page_Login/input_Password_password"), "RigbBhfdqOBGNlJIWM1ClA=="): Text ****** has been set on object 'Object Repository/Page_Login/input_Password_password'

2021-04-12 12:33:58 - [MESSAGE][PASSED] - Text ****** has been set on object 'Object Repository/Page_Login/input_Password_password'

2021-04-12 12:33:58 - [TEST_STEP][PASSED] - click(findTestObject("Object Repository/Page_Login/button_Sign In")): Object: 'Object Repository/Page_Login/button_Sign In' is clicked on

2021-04-12 12:33:59 - [MESSAGE][PASSED] - Object: 'Object Repository/Page_Login/button_Sign In' is clicked on]]></system-out>
         <system-err><![CDATA[]]></system-err>
      </testcase>
      <testcase name="Test Cases/Good login" time="8.218" classname="Test Cases/Good login" status="PASSED">
         <system-out><![CDATA[2021-04-12 12:33:59 - [TEST_CASE][PASSED] - Test Cases/Good login: Test Cases/Good login

2021-04-12 12:33:59 - [TEST_STEP][PASSED] - openBrowser(""): Browser is opened with url: ''

2021-04-12 12:33:59 - [MESSAGE][WARNING] - A browser is already opened. Closing browser and opening a new one

2021-04-12 12:34:00 - [MESSAGE][INFO] - Starting 'Firefox' driver

2021-04-12 12:34:00 - [MESSAGE][INFO] - Action delay is set to 0 milliseconds

2021-04-12 12:34:05 - [MESSAGE][PASSED] - Browser is opened with url: ''

2021-04-12 12:34:05 - [TEST_STEP][PASSED] - navigateToUrl("http://localhost:8080/login"): Navigate to 'http://localhost:8080/login' successfully

2021-04-12 12:34:05 - [MESSAGE][PASSED] - Navigate to 'http://localhost:8080/login' successfully

2021-04-12 12:34:05 - [TEST_STEP][PASSED] - setText(findTestObject("Object Repository/Page_Login/input_Username_username"), "seb"): Text 'seb' is set on object 'Object Repository/Page_Login/input_Username_username'

2021-04-12 12:34:06 - [MESSAGE][PASSED] - Text 'seb' is set on object 'Object Repository/Page_Login/input_Username_username'

2021-04-12 12:34:06 - [TEST_STEP][PASSED] - setEncryptedText(findTestObject("Object Repository/Page_Login/input_Password_password"), "RigbBhfdqOBGNlJIWM1ClA=="): Text ****** has been set on object 'Object Repository/Page_Login/input_Password_password'

2021-04-12 12:34:06 - [MESSAGE][PASSED] - Text ****** has been set on object 'Object Repository/Page_Login/input_Password_password'

2021-04-12 12:34:06 - [TEST_STEP][PASSED] - click(findTestObject("Object Repository/Page_Login/button_Sign In")): Object: 'Object Repository/Page_Login/button_Sign In' is clicked on

2021-04-12 12:34:07 - [MESSAGE][PASSED] - Object: 'Object Repository/Page_Login/button_Sign In' is clicked on]]></system-out>
         <system-err><![CDATA[]]></system-err>
      </testcase>
      <testcase name="Test Cases/Signup already used email" time="9.615" classname="Test Cases/Signup already used email" status="PASSED">
         <system-out><![CDATA[2021-04-12 12:34:07 - [TEST_CASE][PASSED] - Test Cases/Signup already used email: Test Cases/Signup already used email

2021-04-12 12:34:07 - [TEST_STEP][PASSED] - openBrowser(""): Browser is opened with url: ''

2021-04-12 12:34:07 - [MESSAGE][WARNING] - A browser is already opened. Closing browser and opening a new one

2021-04-12 12:34:08 - [MESSAGE][INFO] - Starting 'Firefox' driver

2021-04-12 12:34:08 - [MESSAGE][INFO] - Action delay is set to 0 milliseconds

2021-04-12 12:34:13 - [MESSAGE][PASSED] - Browser is opened with url: ''

2021-04-12 12:34:13 - [TEST_STEP][PASSED] - navigateToUrl("http://localhost:8080/signup"): Navigate to 'http://localhost:8080/signup' successfully

2021-04-12 12:34:13 - [MESSAGE][PASSED] - Navigate to 'http://localhost:8080/signup' successfully

2021-04-12 12:34:13 - [TEST_STEP][PASSED] - setText(findTestObject("Object Repository/Page_HE-F1/input_Username_username"), "seb"): Text 'seb' is set on object 'Object Repository/Page_HE-F1/input_Username_username'

2021-04-12 12:34:14 - [MESSAGE][PASSED] - Text 'seb' is set on object 'Object Repository/Page_HE-F1/input_Username_username'

2021-04-12 12:34:14 - [TEST_STEP][PASSED] - setText(findTestObject("Object Repository/Page_HE-F1/input_Email_email"), "seb@gmail.com"): Text 'seb@gmail.com' is set on object 'Object Repository/Page_HE-F1/input_Email_email'

2021-04-12 12:34:14 - [MESSAGE][PASSED] - Text 'seb@gmail.com' is set on object 'Object Repository/Page_HE-F1/input_Email_email'

2021-04-12 12:34:14 - [TEST_STEP][PASSED] - selectOptionByValue(findTestObject("Object Repository/Page_HE-F1/select_ManageurIngnieurMcanicien"), "ENGINEER", true): All options with value 'ENGINEER' are selected in object 'Object Repository/Page_HE-F1/select_ManageurIngnieurMcanicien'  using regular expression

2021-04-12 12:34:16 - [MESSAGE][PASSED] - All options with value 'ENGINEER' are selected in object 'Object Repository/Page_HE-F1/select_ManageurIngnieurMcanicien'  using regular expression

2021-04-12 12:34:16 - [TEST_STEP][PASSED] - setEncryptedText(findTestObject("Object Repository/Page_HE-F1/input_Password_password"), "RigbBhfdqOBGNlJIWM1ClA=="): Text ****** has been set on object 'Object Repository/Page_HE-F1/input_Password_password'

2021-04-12 12:34:16 - [MESSAGE][PASSED] - Text ****** has been set on object 'Object Repository/Page_HE-F1/input_Password_password'

2021-04-12 12:34:16 - [TEST_STEP][PASSED] - click(findTestObject("Object Repository/Page_HE-F1/button_Register")): Object: 'Object Repository/Page_HE-F1/button_Register' is clicked on

2021-04-12 12:34:16 - [MESSAGE][PASSED] - Object: 'Object Repository/Page_HE-F1/button_Register' is clicked on]]></system-out>
         <system-err><![CDATA[]]></system-err>
      </testcase>
      <testcase name="Test Cases/Signup bad email" time="9.558" classname="Test Cases/Signup bad email" status="PASSED">
         <system-out><![CDATA[2021-04-12 12:34:16 - [TEST_CASE][PASSED] - Test Cases/Signup bad email: Test Cases/Signup bad email

2021-04-12 12:34:17 - [TEST_STEP][PASSED] - openBrowser(""): Browser is opened with url: ''

2021-04-12 12:34:17 - [MESSAGE][WARNING] - A browser is already opened. Closing browser and opening a new one

2021-04-12 12:34:18 - [MESSAGE][INFO] - Starting 'Firefox' driver

2021-04-12 12:34:18 - [MESSAGE][INFO] - Action delay is set to 0 milliseconds

2021-04-12 12:34:22 - [MESSAGE][PASSED] - Browser is opened with url: ''

2021-04-12 12:34:22 - [TEST_STEP][PASSED] - navigateToUrl("http://localhost:8080/signup"): Navigate to 'http://localhost:8080/signup' successfully

2021-04-12 12:34:23 - [MESSAGE][PASSED] - Navigate to 'http://localhost:8080/signup' successfully

2021-04-12 12:34:23 - [TEST_STEP][PASSED] - setText(findTestObject("Object Repository/Page_HE-F1/input_Username_username"), "seb"): Text 'seb' is set on object 'Object Repository/Page_HE-F1/input_Username_username'

2021-04-12 12:34:23 - [MESSAGE][PASSED] - Text 'seb' is set on object 'Object Repository/Page_HE-F1/input_Username_username'

2021-04-12 12:34:23 - [TEST_STEP][PASSED] - setText(findTestObject("Object Repository/Page_HE-F1/input_Email_email"), "just seb"): Text 'just seb' is set on object 'Object Repository/Page_HE-F1/input_Email_email'

2021-04-12 12:34:24 - [MESSAGE][PASSED] - Text 'just seb' is set on object 'Object Repository/Page_HE-F1/input_Email_email'

2021-04-12 12:34:24 - [TEST_STEP][PASSED] - selectOptionByValue(findTestObject("Object Repository/Page_HE-F1/select_ManageurIngnieurMcanicien"), "ENGINEER", true): All options with value 'ENGINEER' are selected in object 'Object Repository/Page_HE-F1/select_ManageurIngnieurMcanicien'  using regular expression

2021-04-12 12:34:25 - [MESSAGE][PASSED] - All options with value 'ENGINEER' are selected in object 'Object Repository/Page_HE-F1/select_ManageurIngnieurMcanicien'  using regular expression

2021-04-12 12:34:25 - [TEST_STEP][PASSED] - setEncryptedText(findTestObject("Object Repository/Page_HE-F1/input_Password_password"), "RigbBhfdqOBGNlJIWM1ClA=="): Text ****** has been set on object 'Object Repository/Page_HE-F1/input_Password_password'

2021-04-12 12:34:25 - [MESSAGE][PASSED] - Text ****** has been set on object 'Object Repository/Page_HE-F1/input_Password_password'

2021-04-12 12:34:25 - [TEST_STEP][PASSED] - click(findTestObject("Object Repository/Page_HE-F1/button_Register")): Object: 'Object Repository/Page_HE-F1/button_Register' is clicked on

2021-04-12 12:34:26 - [MESSAGE][PASSED] - Object: 'Object Repository/Page_HE-F1/button_Register' is clicked on]]></system-out>
         <system-err><![CDATA[]]></system-err>
      </testcase>
      <testcase name="Test Cases/Signup bad password" time="9.772" classname="Test Cases/Signup bad password" status="PASSED">
         <system-out><![CDATA[2021-04-12 12:34:26 - [TEST_CASE][PASSED] - Test Cases/Signup bad password: Test Cases/Signup bad password

2021-04-12 12:34:26 - [TEST_STEP][PASSED] - dtf = DateTimeFormatter.ofPattern("yyyy/MM/dd-HH-mm-ss"): null

2021-04-12 12:34:26 - [TEST_STEP][PASSED] - now = LocalDateTime.now(): null

2021-04-12 12:34:26 - [TEST_STEP][PASSED] - DATE = dtf.format(now): null

2021-04-12 12:34:26 - [TEST_STEP][PASSED] - out.println("my date UwU = " + DATE): null

2021-04-12 12:34:27 - [TEST_STEP][PASSED] - openBrowser(""): Browser is opened with url: ''

2021-04-12 12:34:27 - [MESSAGE][WARNING] - A browser is already opened. Closing browser and opening a new one

2021-04-12 12:34:27 - [MESSAGE][INFO] - Starting 'Firefox' driver

2021-04-12 12:34:27 - [MESSAGE][INFO] - Action delay is set to 0 milliseconds

2021-04-12 12:34:32 - [MESSAGE][PASSED] - Browser is opened with url: ''

2021-04-12 12:34:32 - [TEST_STEP][PASSED] - navigateToUrl("http://localhost:8080/signup"): Navigate to 'http://localhost:8080/signup' successfully

2021-04-12 12:34:32 - [MESSAGE][PASSED] - Navigate to 'http://localhost:8080/signup' successfully

2021-04-12 12:34:32 - [TEST_STEP][PASSED] - setText(findTestObject("Object Repository/Page_HE-F1/input_Username_username"), DATE): Text '2021/04/12-12-34-26' is set on object 'Object Repository/Page_HE-F1/input_Username_username'

2021-04-12 12:34:33 - [MESSAGE][PASSED] - Text '2021/04/12-12-34-26' is set on object 'Object Repository/Page_HE-F1/input_Username_username'

2021-04-12 12:34:33 - [TEST_STEP][PASSED] - setText(findTestObject("Object Repository/Page_HE-F1/input_Email_email"), DATE + "@gmail.com"): Text '2021/04/12-12-34-26@gmail.com' is set on object 'Object Repository/Page_HE-F1/input_Email_email'

2021-04-12 12:34:34 - [MESSAGE][PASSED] - Text '2021/04/12-12-34-26@gmail.com' is set on object 'Object Repository/Page_HE-F1/input_Email_email'

2021-04-12 12:34:34 - [TEST_STEP][PASSED] - selectOptionByValue(findTestObject("Object Repository/Page_HE-F1/select_ManageurIngnieurMcanicien"), "ENGINEER", true): All options with value 'ENGINEER' are selected in object 'Object Repository/Page_HE-F1/select_ManageurIngnieurMcanicien'  using regular expression

2021-04-12 12:34:35 - [MESSAGE][PASSED] - All options with value 'ENGINEER' are selected in object 'Object Repository/Page_HE-F1/select_ManageurIngnieurMcanicien'  using regular expression

2021-04-12 12:34:35 - [TEST_STEP][PASSED] - setEncryptedText(findTestObject("Object Repository/Page_HE-F1/input_Password_password"), "HeCM15nHKBI="): Text ****** has been set on object 'Object Repository/Page_HE-F1/input_Password_password'

2021-04-12 12:34:35 - [MESSAGE][PASSED] - Text ****** has been set on object 'Object Repository/Page_HE-F1/input_Password_password'

2021-04-12 12:34:35 - [TEST_STEP][PASSED] - click(findTestObject("Object Repository/Page_HE-F1/button_Register")): Object: 'Object Repository/Page_HE-F1/button_Register' is clicked on

2021-04-12 12:34:36 - [MESSAGE][PASSED] - Object: 'Object Repository/Page_HE-F1/button_Register' is clicked on]]></system-out>
         <system-err><![CDATA[]]></system-err>
      </testcase>
      <testcase name="Test Cases/Signup" time="11.47" classname="Test Cases/Signup" status="PASSED">
         <system-out><![CDATA[2021-04-12 12:34:36 - [TEST_CASE][PASSED] - Test Cases/Signup: Test Cases/Signup

2021-04-12 12:34:36 - [TEST_STEP][PASSED] - dtf = DateTimeFormatter.ofPattern("yyyy/MM/dd-HH-mm-ss"): null

2021-04-12 12:34:36 - [TEST_STEP][PASSED] - now = LocalDateTime.now(): null

2021-04-12 12:34:36 - [TEST_STEP][PASSED] - DATE = dtf.format(now): null

2021-04-12 12:34:36 - [TEST_STEP][PASSED] - out.println("my date UwU = " + DATE): null

2021-04-12 12:34:36 - [TEST_STEP][PASSED] - openBrowser(""): Browser is opened with url: ''

2021-04-12 12:34:36 - [MESSAGE][WARNING] - A browser is already opened. Closing browser and opening a new one

2021-04-12 12:34:37 - [MESSAGE][INFO] - Starting 'Firefox' driver

2021-04-12 12:34:37 - [MESSAGE][INFO] - Action delay is set to 0 milliseconds

2021-04-12 12:34:42 - [MESSAGE][PASSED] - Browser is opened with url: ''

2021-04-12 12:34:42 - [TEST_STEP][PASSED] - navigateToUrl("http://localhost:8080/signup"): Navigate to 'http://localhost:8080/signup' successfully

2021-04-12 12:34:42 - [MESSAGE][PASSED] - Navigate to 'http://localhost:8080/signup' successfully

2021-04-12 12:34:42 - [TEST_STEP][PASSED] - setText(findTestObject("Object Repository/Page_HE-F1/input_Username_username"), DATE): Text '2021/04/12-12-34-36' is set on object 'Object Repository/Page_HE-F1/input_Username_username'

2021-04-12 12:34:43 - [MESSAGE][PASSED] - Text '2021/04/12-12-34-36' is set on object 'Object Repository/Page_HE-F1/input_Username_username'

2021-04-12 12:34:43 - [TEST_STEP][PASSED] - setText(findTestObject("Object Repository/Page_HE-F1/input_Email_email"), DATE + "@gmail.com"): Text '2021/04/12-12-34-36@gmail.com' is set on object 'Object Repository/Page_HE-F1/input_Email_email'

2021-04-12 12:34:43 - [MESSAGE][PASSED] - Text '2021/04/12-12-34-36@gmail.com' is set on object 'Object Repository/Page_HE-F1/input_Email_email'

2021-04-12 12:34:43 - [TEST_STEP][PASSED] - selectOptionByValue(findTestObject("Object Repository/Page_HE-F1/select_ManageurIngnieurMcanicien"), "ENGINEER", true): All options with value 'ENGINEER' are selected in object 'Object Repository/Page_HE-F1/select_ManageurIngnieurMcanicien'  using regular expression

2021-04-12 12:34:45 - [MESSAGE][PASSED] - All options with value 'ENGINEER' are selected in object 'Object Repository/Page_HE-F1/select_ManageurIngnieurMcanicien'  using regular expression

2021-04-12 12:34:45 - [TEST_STEP][PASSED] - click(findTestObject("Object Repository/Page_HE-F1/label_Spcialisation")): Object: 'Object Repository/Page_HE-F1/label_Spcialisation' is clicked on

2021-04-12 12:34:45 - [MESSAGE][PASSED] - Object: 'Object Repository/Page_HE-F1/label_Spcialisation' is clicked on

2021-04-12 12:34:45 - [TEST_STEP][PASSED] - selectOptionByValue(findTestObject("Object Repository/Page_HE-F1/select_ManageurIngnieurMcanicien"), "MANAGER", true): All options with value 'MANAGER' are selected in object 'Object Repository/Page_HE-F1/select_ManageurIngnieurMcanicien'  using regular expression

2021-04-12 12:34:46 - [MESSAGE][PASSED] - All options with value 'MANAGER' are selected in object 'Object Repository/Page_HE-F1/select_ManageurIngnieurMcanicien'  using regular expression

2021-04-12 12:34:46 - [TEST_STEP][PASSED] - setEncryptedText(findTestObject("Object Repository/Page_HE-F1/input_Password_password"), "RigbBhfdqOBGNlJIWM1ClA=="): Text ****** has been set on object 'Object Repository/Page_HE-F1/input_Password_password'

2021-04-12 12:34:47 - [MESSAGE][PASSED] - Text ****** has been set on object 'Object Repository/Page_HE-F1/input_Password_password'

2021-04-12 12:34:47 - [TEST_STEP][PASSED] - click(findTestObject("Object Repository/Page_HE-F1/button_Register")): Object: 'Object Repository/Page_HE-F1/button_Register' is clicked on

2021-04-12 12:34:47 - [MESSAGE][PASSED] - Object: 'Object Repository/Page_HE-F1/button_Register' is clicked on]]></system-out>
         <system-err><![CDATA[]]></system-err>
      </testcase>
      <system-out><![CDATA[2021-04-12 12:33:40 - [TEST_SUITE][PASSED] - All: Test Cases/Signup]]></system-out>
      <system-err><![CDATA[]]></system-err>
   </testsuite>
</testsuites>
